2026-06-01T21:53:41+02:00
'{\\'
json_error: 'Syntax error'

2026-06-01T21:54:57+02:00
NULL
json_error: NULL

2026-06-01T21:54:58+02:00
NULL
json_error: NULL

2026-06-01T21:54:58+02:00
NULL
json_error: NULL

2026-06-01T21:54:58+02:00
NULL
json_error: NULL

2026-06-01T21:54:59+02:00
NULL
json_error: NULL

2026-06-01T21:54:59+02:00
NULL
json_error: NULL

2026-06-01T21:54:59+02:00
NULL
json_error: NULL

2026-06-01T21:55:13+02:00
NULL
json_error: NULL

2026-06-01T21:55:17+02:00
NULL
json_error: NULL

2026-06-01T21:57:29+02:00
HEADERS:array (
  'Host' => 'localhost',
  'User-Agent' => 'curl/8.19.0',
  'Accept' => '*/*',
  'Content-Type' => 'application/json',
  'Content-Length' => '2',
)
CONTENT_LENGTH:2
RAW_BODY:'{\\'
JSON_ERROR:'Syntax error'
DECODED:NULL

2026-06-01T22:00:43+02:00
HEADERS:array (
  'Host' => 'localhost',
  'User-Agent' => 'curl/8.19.0',
  'Accept' => '*/*',
  'Content-Type' => 'application/x-www-form-urlencoded',
  'Content-Length' => '141',
)
CONTENT_LENGTH:141
RAW_BODY:'full_name=sajith&nic=200333013260&date_of_birth=2003-11-25&gender=male&phone=0771084960&email=sajithnuski1234@gmail.com&password=Password123!'
JSON_ERROR:'Syntax error'
DECODED:NULL

2026-06-01T22:04:18+02:00
HEADERS:array (
  'host' => 'localhost',
  'connection' => 'close',
  'content-length' => '139',
  'sec-ch-ua-platform' => '"Windows"',
  'user-agent' => 'Mozilla/5.0 (Windows NT 10.0; Win64; x64) AppleWebKit/537.36 (KHTML, like Gecko) Chrome/148.0.0.0 Safari/537.36 Edg/148.0.0.0',
  'accept' => 'application/json, text/plain, */*',
  'sec-ch-ua' => '"Chromium";v="148", "Microsoft Edge";v="148", "Not/A)Brand";v="99"',
  'content-type' => 'application/x-www-form-urlencoded',
  'sec-ch-ua-mobile' => '?0',
  'origin' => 'http://localhost:5173',
  'sec-fetch-site' => 'same-origin',
  'sec-fetch-mode' => 'cors',
  'sec-fetch-dest' => 'empty',
  'referer' => 'http://localhost:5173/register',
  'accept-encoding' => 'gzip, deflate, br, zstd',
  'accept-language' => 'en-US,en;q=0.9',
  'cookie' => 'PHPSESSID=ss832eso0n94j65486noghpsa1',
)
CONTENT_LENGTH:139
RAW_BODY:'full_name=sajith&nic=200333013260&date_of_birth=2003-11-25&gender=male&phone=0771084960&email=sajithnuski1234%40gmail.com&password=Saji1125'
JSON_ERROR:'Syntax error'
DECODED:NULL

2026-06-01T22:04:19+02:00
HEADERS:array (
  'host' => 'localhost',
  'connection' => 'close',
  'content-length' => '139',
  'sec-ch-ua-platform' => '"Windows"',
  'user-agent' => 'Mozilla/5.0 (Windows NT 10.0; Win64; x64) AppleWebKit/537.36 (KHTML, like Gecko) Chrome/148.0.0.0 Safari/537.36 Edg/148.0.0.0',
  'accept' => 'application/json, text/plain, */*',
  'sec-ch-ua' => '"Chromium";v="148", "Microsoft Edge";v="148", "Not/A)Brand";v="99"',
  'content-type' => 'application/x-www-form-urlencoded',
  'sec-ch-ua-mobile' => '?0',
  'origin' => 'http://localhost:5173',
  'sec-fetch-site' => 'same-origin',
  'sec-fetch-mode' => 'cors',
  'sec-fetch-dest' => 'empty',
  'referer' => 'http://localhost:5173/register',
  'accept-encoding' => 'gzip, deflate, br, zstd',
  'accept-language' => 'en-US,en;q=0.9',
  'cookie' => 'PHPSESSID=ss832eso0n94j65486noghpsa1',
)
CONTENT_LENGTH:139
RAW_BODY:'full_name=sajith&nic=200333013260&date_of_birth=2003-11-25&gender=male&phone=0771084960&email=sajithnuski1234%40gmail.com&password=Saji1125'
JSON_ERROR:'Syntax error'
DECODED:NULL

2026-06-01T22:04:38+02:00
HEADERS:array (
  'host' => 'localhost',
  'connection' => 'close',
  'content-length' => '139',
  'sec-ch-ua-platform' => '"Windows"',
  'user-agent' => 'Mozilla/5.0 (Windows NT 10.0; Win64; x64) AppleWebKit/537.36 (KHTML, like Gecko) Chrome/148.0.0.0 Safari/537.36 Edg/148.0.0.0',
  'accept' => 'application/json, text/plain, */*',
  'sec-ch-ua' => '"Chromium";v="148", "Microsoft Edge";v="148", "Not/A)Brand";v="99"',
  'content-type' => 'application/x-www-form-urlencoded',
  'sec-ch-ua-mobile' => '?0',
  'origin' => 'http://localhost:5173',
  'sec-fetch-site' => 'same-origin',
  'sec-fetch-mode' => 'cors',
  'sec-fetch-dest' => 'empty',
  'referer' => 'http://localhost:5173/register',
  'accept-encoding' => 'gzip, deflate, br, zstd',
  'accept-language' => 'en-US,en;q=0.9',
  'cookie' => 'PHPSESSID=ss832eso0n94j65486noghpsa1',
)
CONTENT_LENGTH:139
RAW_BODY:'full_name=sajith&nic=200333013260&date_of_birth=2003-11-25&gender=male&phone=0771084960&email=sajithnuski1234%40gmail.com&password=Saji1125'
JSON_ERROR:'Syntax error'
DECODED:NULL

2026-06-01T22:04:46+02:00
HEADERS:array (
  'host' => 'localhost',
  'connection' => 'close',
  'content-length' => '139',
  'sec-ch-ua-platform' => '"Windows"',
  'user-agent' => 'Mozilla/5.0 (Windows NT 10.0; Win64; x64) AppleWebKit/537.36 (KHTML, like Gecko) Chrome/148.0.0.0 Safari/537.36 Edg/148.0.0.0',
  'accept' => 'application/json, text/plain, */*',
  'sec-ch-ua' => '"Chromium";v="148", "Microsoft Edge";v="148", "Not/A)Brand";v="99"',
  'content-type' => 'application/x-www-form-urlencoded',
  'sec-ch-ua-mobile' => '?0',
  'origin' => 'http://localhost:5173',
  'sec-fetch-site' => 'same-origin',
  'sec-fetch-mode' => 'cors',
  'sec-fetch-dest' => 'empty',
  'referer' => 'http://localhost:5173/register',
  'accept-encoding' => 'gzip, deflate, br, zstd',
  'accept-language' => 'en-US,en;q=0.9',
  'cookie' => 'PHPSESSID=ss832eso0n94j65486noghpsa1',
)
CONTENT_LENGTH:139
RAW_BODY:'full_name=sajith&nic=200333013261&date_of_birth=2003-11-25&gender=male&phone=0771084960&email=sajithnuski1234%40gmail.com&password=Saji1125'
JSON_ERROR:'Syntax error'
DECODED:NULL

